Loading File: sampling.csv
sampling.csv Loaded: 5.483 secs!
Splitting Train:Test 85:15 %
Splitting Train:Test 80:20 %
Building vocab
  Loading GLOVE file:  sad_vectors.txt
.........................................................................................................................................................................................................................................................................................................................................................................................................................................................................................................................................................................................................................................................................................................................................................................................................................................................................................................................................................................................................................................................................................................................................................................................................................................................................................................................................................................................................................................................................................................................................................................................................................................................................................................................................................................................................................................................................................................................................................................................................................................................................................................................................................................................................................................................................................................................................................................................................................................................................................................................................................................................................................................................................................................................................................................................................................................................................................................................................................................................................................................................................................................................................................................................................................................................................................................................................................................................................................................................................................................................................................................................................................................................................................................................................................................................................................................................................................................................................................................................................................................................................................................................................................................................................................................................................................................................................................................................................................................................................................................................................................................................................................................................................................................................................................................................................................................................................................................................................................................................................................................................................................................................................................................................................................................................................................................................................................................................................................................................................................................................................................................................................................................................................................................................................................................................................................................................................................................................................................................................................................................................................................................................................................................................................................................................................................................................................................................................................................................................................................................................................................................................................................................................................................................................................................................................................................................................................................................................................................................................................................................................................................................................................................................................................................................................................................................................................................................................................................................................................................................................................................................................................................................................
  File loaded: 12.254 secs!

Vocabulary built: 12.514 secs!
Total words: 7354
Words not included: 28489
Vectorizing text: 68000 lines
........................................................................................................................................................................................................................................................................................................................................................................................................................................................................................................................................................................................................................................................................................................
 68000 lines of text vectorized in 12.844 secs!
Vectorizing text: 17000 lines
..........................................................................................................................................................................
 17000 lines of text vectorized in 3.151 secs!
Vectorizing text: 15000 lines
......................................................................................................................................................
 15000 lines of text vectorized in 2.776 secs!
Train dataset numrecords: 68000:
Validation dataset numrecords: 17000:
Test dataset numrecords: 15000:
Configuration:
lstmUnits : 64
numClasses : 2
numDimensions : 25
batchSize : 2000
maxSeqLength : 100
epochs : 100
Initializing Classifier
Classifier Initialized: 0.948 secs!
0:67.65:67.37 1:69.99:69.80 2:70.20:69.67 3:70.94:70.13 4:70.89:70.26 5:71.58:70.93 6:71.41:70.96 7:72.23:71.86 8:72.14:71.61 9:72.70:71.99 10:71.78:71.17 11:73.03:72.39 12:73.19:72.49 13:73.24:72.38 14:73.10:72.76 15:73.52:72.63 16:74.19:73.47 17:74.16:73.44 18:74.56:73.70 19:74.82:73.76 20:74.80:73.99 21:74.68:73.68 22:72.52:71.97 23:75.09:74.13 24:75.07:74.23 25:75.05:74.46 26:75.50:74.37 27:74.84:74.13 28:75.43:74.41 29:75.40:74.34 30:75.75:74.57 31:75.66:74.86 32:75.19:74.58 33:75.48:74.52 34:75.84:75.03 35:73.92:73.33 36:74.97:74.50 37:75.55:74.69 38:75.88:74.96 39:76.17:74.96 40:75.39:74.71 41:76.34:75.32 42:76.05:75.23 43:76.31:75.19 44:76.19:75.18 45:76.48:75.24 46:76.39:75.45 47:76.42:75.28 48:76.03:74.64 . 49:74.91:73.86 . 50:76.72:75.49 51:76.70:75.46 52:76.55:75.61 53:76.75:75.55 54:77.07:75.81 55:77.10:75.73 56:77.14:75.77 57:76.89:75.38 58:77.14:76.02 59:77.22:75.91 60:77.20:75.83 61:77.19:75.86 62:77.24:75.73 63:77.40:75.94 64:76.95:75.73 65:77.27:76.09 66:77.03:75.88 67:77.21:75.79 68:75.89:74.46 . 69:77.47:76.12 70:77.61:76.23 71:77.14:75.83 72:77.53:76.06 73:76.68:75.24 . 74:77.73:76.22 75:77.72:76.26 76:77.64:76.17 77:77.65:76.01 78:77.73:76.43 79:77.94:76.30 80:77.73:76.26 81:77.56:76.08 82:78.08:76.36 83:77.69:75.81 . 84:77.49:75.68 . 85:78.11:76.55 86:78.14:76.14 87:77.49:75.77 . 88:78.16:76.28 89:77.31:75.63 . 90:78.03:76.44 91:78.25:76.31 92:78.06:75.87 . 93:78.31:76.44 94:77.31:75.65 . 95:78.19:76.37 96:78.14:76.45 97:77.66:75.57 . 98:77.08:75.02 . 99:78.36:76.31 
validation Status: 
 {'accuracy': 49.44117647058823, 'precision': 49.34648016509975, 'f1_socre': 50.03778410742313, 'recall': 50.74873246079472}
Train Status: 
 {'accuracy': 50.14411764705882, 'precision': 50.16809861785581, 'f1_socre': 50.73815751235106, 'recall': 51.32132043857844}
Test Status: 
 {'accuracy': 49.61333333333334, 'precision': 49.61922268907563, 'f1_socre': 50.00000000000001, 'recall': 50.38666666666666}
