$ python3 main.py sampling.csv ../Project/glove.twitter.27B/glove.twitter.27B.25d.txt 64 100 4000
Loading File: sampling.csv
sampling.csv Loaded: 8.379 secs!
Splitting Train:Test 85:15 %
Splitting Train:Test 80:20 %
Building vocab
  Loading GLOVE file:  ../Project/glove.twitter.27B/glove.twitter.27B.25d.txt
............................................................................................................................................................................................................................................................................................................................................................................................................................................................................................................................................................................................................................................................................................................................................................................................................................................................................................................................................................................................................................................................................................................................................................................................................................................................................................................................................................................................................................................................................................................................................................................................................................................................................................................................................................................................................................................................................................................................................................................................................................................................................................................................................................................................................................................................................................................................................................................................................................................................................................................................................................................................................................................................................................................................................................................................................................................................................................................................................................................................................................................................................................................................................................................................................................................................................................................................................................................................................................................................................................................................................................................................................................................................................................................................................................................................................................................................................................................................................................................................................................................................................................................................................................................................................................................................................................................................................................................................................................................................................................................................................................................................................................................................................................................................................................................................................................................................................................................................................................................................................................................................................................................................................................................................................................................................................................................................................................................................................................................................................................................................................................................................................................................................................................................................................................................................................................................................................................................................................................................................................................................................................................................................................................................................................................................................................................................................................................................................................................................................................................................................................................................................................................................................................................................................................................................................................................................................................................................................................................................................................................................................................................................................................................................................................................................................................................................................................................................................................................................................................................................................................................................................................................................
  File loaded: 180.718 secs!

Vocabulary built: 181.104 secs!
Total words: 7341
Words not included: 28410
Vectorizing text: 68000 lines
........................................................................................................................................................................................................................................................................................................................................................................................................................................................................................................................................................................................................................................................................................................
 68000 lines of text vectorized in 15.575 secs!
Vectorizing text: 17000 lines
..........................................................................................................................................................................
 17000 lines of text vectorized in 3.847 secs!
Vectorizing text: 15000 lines
......................................................................................................................................................
 15000 lines of text vectorized in 3.274 secs!
Train dataset numrecords: 68000:
Validation dataset numrecords: 17000:
Test dataset numrecords: 15000:
Configuration:
epochs : 100
batchSize : 4000
lstmUnits : 64
numClasses : 2
maxSeqLength : 100
numDimensions : 25
Initializing Classifier
Classifier Initialized: 7.535 secs!
0  50.08||49.75  69.33||69.33
1  50.12||50.05  69.32||69.34
2  50.04||49.60  69.32||69.34
3  50.03||49.44  69.32||69.34
4  49.85||50.43  69.32||69.31
5  50.24||50.06  69.32||69.32
6  50.21||49.65  69.32||69.33
7  50.06||49.91  69.32||69.31
8  49.98||50.16  69.32||69.32
9  50.09||50.51  69.32||69.30
10  49.94||49.98  69.32||69.32
11  49.95||50.44  69.32||69.31
12  49.89||50.32  69.33||69.32
13  49.93||49.85  69.32||69.31
14  50.04||50.45  69.33||69.32
15  49.81||50.04  69.32||69.32
16  49.81||50.12  69.33||69.32
17  49.93||50.16  69.33||69.31
18  49.89||50.13  69.32||69.31
19  50.21||50.48  69.33||69.32
20  50.26||49.61  69.33||69.35
. 21  50.42||50.14  69.32||69.32
22  49.91||49.70  69.33||69.34
. 23  49.95||49.69  69.32||69.33
. 24  50.04||49.95  69.32||69.32
. 25  50.05||49.93  69.32||69.32
. 26  49.96||49.79  69.32||69.32
. 27  49.90||50.43  69.32||69.31
28  49.66||50.08  69.34||69.32
. 29  50.05||49.97  69.32||69.31
. 30  50.10||50.00  69.32||69.32
. 31  49.81||49.54  69.32||69.33
. 32  49.88||49.88  69.32||69.32
. 33  49.98||50.18  69.32||69.32
34  49.87||50.12  69.32||69.32
. 35  50.24||49.86  69.32||69.33
. 36  49.96||50.06  69.32||69.32
. 37  50.06||49.63  69.32||69.32
. 38  49.98||49.63  69.32||69.32
. 39  50.06||49.37  69.31||69.32
. 40  49.90||49.98  69.32||69.32
. 41  50.12||49.58  69.32||69.33
. 42  49.80||50.11  69.32||69.32
. 43  49.77||50.44  69.33||69.31
44  50.19||49.79  69.31||69.32
. 45  50.08||50.09  69.32||69.32
. 46  49.90||49.80  69.32||69.32
. 47  49.99||49.93  69.32||69.32
. 48  50.21||50.06  69.32||69.32
. 49  50.10||49.94  69.32||69.32
. 50  50.06||49.77  69.32||69.33
. 51  50.11||49.76  69.33||69.34
. 52  50.01||50.10  69.33||69.32
. 53  50.08||49.74  69.32||69.33
. 54  50.17||50.02  69.32||69.32
. 55  50.11||50.23  69.32||69.32
56  50.06||49.58  69.33||69.34
. 57  49.90||49.97  69.32||69.32
. 58  50.18||49.94  69.32||69.31
. 59  49.94||50.24  69.32||69.31
60  50.05||50.37  69.32||69.31
61  49.84||49.62  69.32||69.32
. 62  50.04||50.42  69.32||69.32
63  49.80||49.94  69.33||69.32
. 64  50.21||49.35  69.32||69.32
. 65  49.95||49.77  69.32||69.32
. 66  50.05||49.65  69.32||69.32
. 67  50.23||49.90  69.32||69.33
. 68  49.87||50.46  69.34||69.32
69  50.06||50.00  69.32||69.32
. 70  49.95||49.94  69.32||69.32
. 71  49.75||49.97  69.32||69.32
. 72  50.14||50.09  69.31||69.33
. 73  49.94||50.30  69.32||69.31
. 74  49.96||50.39  69.32||69.31
75  49.75||50.01  69.33||69.32
. 76  49.87||50.00  69.32||69.33
. 77  50.02||49.96  69.32||69.31
. 78  49.85||49.94  69.32||69.32
. 79  50.02||50.08  69.32||69.31
. 80  50.08||49.95  69.32||69.32
. 81  50.01||50.73  69.32||69.31
82  50.07||49.45  69.32||69.33
. 83  50.13||50.39  69.32||69.31
84  50.26||48.77  69.32||69.34
. 85  50.07||50.02  69.32||69.32
. 86  50.09||50.05  69.31||69.32
. 87  49.99||49.25  69.32||69.33
. 88  49.88||50.37  69.32||69.32
. 89  50.01||49.69  69.32||69.32
. 90  50.00||49.48  69.32||69.33
. 91  49.94||50.16  69.32||69.32
. 92  50.18||50.05  69.32||69.32
. 93  49.92||49.90  69.32||69.32
. 94  50.22||49.80  69.32||69.33
. 95  49.84||50.04  69.33||69.32
. 96  50.17||49.75  69.32||69.33
. 97  49.46||50.19  69.32||69.32
. 98  49.98||49.61  69.32||69.32
. 99  50.12||49.37  69.31||69.33
.
validation Status:
 {'accuracy': 0.49760002, 'precision': 0.49998084, 'recall': 0.43880302, 'f1_score': 0.46739852177308316, 'loss': 0.6932812}
Train Status:
 {'accuracy': 0.5012639, 'precision': 0.49998277, 'recall': 0.43711853, 'f1_score': 0.46644206851233044, 'loss': 0.6932252}
Test Status:
 {'accuracy': 0.4994375, 'precision': 0.49998328, 'recall': 0.43676153, 'f1_score': 0.4662389580014883, 'loss': 0.69320315}