$ python3 main.py sampling.csv None 64 100 4000
Loading File: sampling.csv
sampling.csv Loaded: 5.982 secs!
Splitting Train:Test 85:15 %
Splitting Train:Test 80:20 %
Building vocab
.................................................................................................................................................................................................................................................................................................................................................................................................................................................................................................................................................................................................................................................................................................................................................................................................................................................................................................................................................................................................................................................................................................................................................................................................................................................................................................................................................................................................................................................................................................................................................................................................................................................................................................................................................................................................................................................................................................................................................................................................................................................................................................................................................................................................................................................................................................................................................................................................................................................................................................................................................................................................................................................................................................................................................................................................................................................................................................................................................................................................................................................................................................................................................................................................................................................................................................................................................................................................................................................................................................................................................................................................................................................................................................................................................................................................................................................................................................................................................................................................................................................................................................................................................................................................................................................................................................................................................................................................................................................................................................................................................................................................................................................................................................................................................................................................................................................................................................................................................................................................................................................................................................................................................................................................................................................................................................................................................................................................................................................................................................................................................................................................................................................................................................................................................................................................................................................................................................................................................................................................................................................................................................................................................................................................................................................................................................................................................................................................................................................................................................................................................................................................................................................................................................................................................................................................................................................................................................................................................................................................................................................................................................................................................................................................................................................................................................................................................................................................................................................................................................................................................................................................................................................................................
Vocabulary built: 0.385 secs!
Total words: 7378
Words not included: 28417
Vectorizing text: 68000 lines
........................................................................................................................................................................................................................................................................................................................................................................................................................................................................................................................................................................................................................................................................................................
 68000 lines of text vectorized in 14.075 secs!
Vectorizing text: 17000 lines
..........................................................................................................................................................................
 17000 lines of text vectorized in 3.723 secs!
Vectorizing text: 15000 lines
......................................................................................................................................................
 15000 lines of text vectorized in 3.316 secs!
Train dataset numrecords: 68000:
Validation dataset numrecords: 17000:
Test dataset numrecords: 15000:
Configuration:
epochs : 100
batchSize : 4000
lstmUnits : 64
numClasses : 2
maxSeqLength : 100
numDimensions : 13
Initializing Classifier
Classifier Initialized: 6.678 secs!
0  50.14||49.58  69.32||69.32
1  52.58||52.78  69.28||69.24
2  53.13||53.26  69.06||69.03
3  53.19||53.71  68.96||68.90
4  53.51||53.68  68.95||68.88
5  54.30||54.79  68.80||68.77
6  54.15||54.03  68.77||68.81
7  55.17||54.99  68.50||68.53
8  55.02||55.17  68.52||68.62
9  55.60||55.45  68.34||68.39
10  55.86||55.39  68.24||68.35
11  56.11||56.06  68.13||68.15
12  55.88||55.84  68.12||68.20
13  56.59||56.25  67.97||68.07
14  55.73||55.45  68.04||68.11
15  57.08||56.71  67.69||67.81
16  57.32||57.31  68.05||68.10
17  55.96||55.92  68.00||68.15
18  58.42||58.24  67.07||67.24
19  58.42||57.85  66.98||67.15
20  57.57||57.09  68.05||68.41
21  59.66||58.65  66.70||67.21
22  60.34||59.75  66.17||66.28
23  59.54||58.86  66.57||66.74
24  59.86||58.95  66.36||66.68
25  60.59||59.51  65.83||66.30
26  58.91||58.48  66.86||67.20
27  61.32||60.25  65.56||66.12
28  61.48||60.45  65.33||65.76
29  61.52||60.66  65.25||65.69
30  61.42||60.66  65.31||65.66
31  60.52||59.70  65.85||66.40
32  61.48||60.78  65.29||65.78
33  61.63||60.56  65.03||65.59
34  61.70||60.92  65.01||65.46
35  61.33||60.64  65.43||65.76
36  60.66||59.53  65.62||66.11
37  61.20||60.69  65.34||65.73
38  61.05||59.96  65.52||65.98
39  61.78||60.94  65.00||65.56
40  60.92||59.91  65.40||66.01
41  62.13||61.32  64.74||65.40
42  62.14||61.05  64.75||65.38
43  62.21||61.13  64.61||65.18
44  62.23||61.15  64.52||65.08
45  62.28||61.14  64.62||65.28
46  62.18||61.31  64.60||65.15
47  61.76||60.80  64.78||65.34
48  60.58||59.69  65.57||66.05
. 49  61.10||60.39  65.27||65.82
. 50  62.46||61.46  64.51||65.23
51  62.55||61.26  64.41||65.17
52  62.68||61.44  64.26||64.99
53  61.68||60.69  64.74||65.48
. 54  62.39||61.22  64.50||65.24
55  59.79||58.85  65.87||66.34
. 56  62.33||61.13  64.47||65.13
57  61.87||60.84  64.71||65.42
. 58  62.84||61.46  64.22||64.95
59  62.34||61.41  64.25||64.97
60  61.83||60.81  64.56||65.32
. 61  62.90||61.71  64.04||64.96
62  62.92||61.32  64.07||64.94
63  61.71||60.94  65.00||65.69
. 64  62.96||61.73  64.05||64.87
65  63.07||61.96  63.94||64.73
66  63.07||62.10  63.95||64.76
67  61.86||60.62  64.65||65.31
. 68  62.94||61.90  64.10||64.82
69  62.81||61.42  64.16||65.24
70  62.78||61.62  64.02||64.76
71  63.27||61.94  63.94||64.77
72  62.41||61.37  64.32||65.14
73  63.26||61.70  63.70||64.65
74  62.94||61.58  63.91||64.79
75  63.33||62.05  63.60||64.59
76  63.31||61.69  63.74||64.50
77  63.10||61.76  63.70||64.58
78  63.18||61.79  63.67||64.56
79  62.34||61.37  64.22||65.03
. 80  62.42||61.35  64.31||65.03
. 81  63.46||62.01  63.85||64.57
82  63.28||61.88  63.67||64.73
83  63.52||62.00  63.47||64.46
84  63.32||61.81  63.51||64.55
85  63.47||62.17  63.47||64.38
86  63.55||62.01  63.64||64.51
87  63.59||61.89  63.35||64.49
88  63.51||62.33  63.47||64.28
89  63.64||62.45  63.32||64.32
90  62.74||61.20  63.78||64.68
. 91  63.53||61.74  63.58||64.95
. 92  63.53||61.76  63.41||64.77
. 93  63.80||62.37  63.22||64.39
94  63.21||61.87  63.56||64.52
. 95  63.55||62.20  63.56||64.44
96  63.80||62.40  63.25||64.22
97  63.15||61.58  64.56||65.81
. 98  62.98||61.89  64.44||65.65
. 99  60.70||59.68  65.11||65.97
.
validation Status:
 {'accuracy': 0.5946, 'precision': 0.61144483, 'recall': 0.58042127, 'f1_score': 0.5955292577508452, 'loss': 0.66063774}
Train Status:
 {'accuracy': 0.60754174, 'precision': 0.61186695, 'recall': 0.5786631, 'f1_score': 0.5948020039104793, 'loss': 0.65109766}
Test Status:
 {'accuracy': 0.597125, 'precision': 0.6119381, 'recall': 0.5782587, 'f1_score': 0.594621916465407, 'loss': 0.6572033}